<?xml version="1.0" encoding="UTF-8"?>
<testng-results skipped="0" failed="0" ignored="0" total="2" passed="2">
  <reporter-output>
  </reporter-output>
  <suite name="Default suite" duration-ms="28612" started-at="2020-04-11T18:56:17Z" finished-at="2020-04-11T18:56:46Z">
    <groups>
    </groups>
    <test name="Default test" duration-ms="28612" started-at="2020-04-11T18:56:17Z" finished-at="2020-04-11T18:56:46Z">
      <class name="com.htc.loginregtest.TestMVC">
        <test-method status="PASS" signature="initializeDriver()[pri:0, instance:com.htc.loginregtest.TestMVC@457e2f02]" name="initializeDriver" is-config="true" duration-ms="7965" started-at="2020-04-12T00:26:17Z" finished-at="2020-04-12T00:26:25Z">
          <reporter-output>
          </reporter-output>
        </test-method> <!-- initializeDriver -->
        <test-method status="PASS" signature="testSuccessLoginLogout(java.lang.String, java.lang.String)[pri:0, instance:com.htc.loginregtest.TestMVC@457e2f02]" name="testSuccessLoginLogout" duration-ms="15588" started-at="2020-04-12T00:26:26Z" data-provider="validLoginData" finished-at="2020-04-12T00:26:42Z">
          <params>
            <param index="0">
              <value>
                <![CDATA[sayooj]]>
              </value>
            </param>
            <param index="1">
              <value>
                <![CDATA[root]]>
              </value>
            </param>
          </params>
          <reporter-output>
          </reporter-output>
        </test-method> <!-- testSuccessLoginLogout -->
        <test-method status="PASS" signature="testSuccessLoginLogout(java.lang.String, java.lang.String)[pri:0, instance:com.htc.loginregtest.TestMVC@457e2f02]" name="testSuccessLoginLogout" duration-ms="4157" started-at="2020-04-12T00:26:42Z" data-provider="validLoginData" finished-at="2020-04-12T00:26:46Z">
          <params>
            <param index="0">
              <value>
                <![CDATA[sam]]>
              </value>
            </param>
            <param index="1">
              <value>
                <![CDATA[root]]>
              </value>
            </param>
          </params>
          <reporter-output>
          </reporter-output>
        </test-method> <!-- testSuccessLoginLogout -->
        <test-method status="PASS" signature="closedriver()[pri:0, instance:com.htc.loginregtest.TestMVC@457e2f02]" name="closedriver" is-config="true" duration-ms="289" started-at="2020-04-12T00:26:46Z" finished-at="2020-04-12T00:26:46Z">
          <reporter-output>
          </reporter-output>
        </test-method> <!-- closedriver -->
      </class> <!-- com.htc.loginregtest.TestMVC -->
    </test> <!-- Default test -->
  </suite> <!-- Default suite -->
</testng-results>
